0 info it worked if it ends with ok
1 verbose cli [ '/usr/local/bin/node', '/usr/local/bin/npm', 'publish' ]
2 info using npm@1.4.23
3 info using node@v0.10.31
4 verbose publish [ '.' ]
5 verbose cache add [ '.', null ]
6 verbose cache add name=undefined spec="." args=[".",null]
7 verbose parsed url { protocol: null,
7 verbose parsed url   slashes: null,
7 verbose parsed url   auth: null,
7 verbose parsed url   host: null,
7 verbose parsed url   port: null,
7 verbose parsed url   hostname: null,
7 verbose parsed url   hash: null,
7 verbose parsed url   search: null,
7 verbose parsed url   query: null,
7 verbose parsed url   pathname: '.',
7 verbose parsed url   path: '.',
7 verbose parsed url   href: '.' }
8 silly lockFile 3a52ce78- .
9 verbose lock . /Users/ThomasNorth/.npm/3a52ce78-.lock
10 verbose tar pack [ '/Users/ThomasNorth/.npm/qwilr-logger/1.1.2/package.tgz',
10 verbose tar pack   '.' ]
11 verbose tarball /Users/ThomasNorth/.npm/qwilr-logger/1.1.2/package.tgz
12 verbose folder .
13 info prepublish qwilr-logger@1.1.2
14 silly lockFile 1f1177db-tar tar://.
15 verbose lock tar://. /Users/ThomasNorth/.npm/1f1177db-tar.lock
16 silly lockFile b0b12969-m-qwilr-logger-1-1-2-package-tgz tar:///Users/ThomasNorth/.npm/qwilr-logger/1.1.2/package.tgz
17 verbose lock tar:///Users/ThomasNorth/.npm/qwilr-logger/1.1.2/package.tgz /Users/ThomasNorth/.npm/b0b12969-m-qwilr-logger-1-1-2-package-tgz.lock
18 silly lockFile 1f1177db-tar tar://.
19 silly lockFile 1f1177db-tar tar://.
20 silly lockFile b0b12969-m-qwilr-logger-1-1-2-package-tgz tar:///Users/ThomasNorth/.npm/qwilr-logger/1.1.2/package.tgz
21 silly lockFile b0b12969-m-qwilr-logger-1-1-2-package-tgz tar:///Users/ThomasNorth/.npm/qwilr-logger/1.1.2/package.tgz
22 silly lockFile b62ac439-h-npm-qwilr-logger-1-1-2-package /Users/ThomasNorth/.npm/qwilr-logger/1.1.2/package
23 verbose lock /Users/ThomasNorth/.npm/qwilr-logger/1.1.2/package /Users/ThomasNorth/.npm/b62ac439-h-npm-qwilr-logger-1-1-2-package.lock
24 silly lockFile b62ac439-h-npm-qwilr-logger-1-1-2-package /Users/ThomasNorth/.npm/qwilr-logger/1.1.2/package
25 silly lockFile b62ac439-h-npm-qwilr-logger-1-1-2-package /Users/ThomasNorth/.npm/qwilr-logger/1.1.2/package
26 silly lockFile 3a52ce78- .
27 silly lockFile 3a52ce78- .
28 silly publish { name: 'qwilr-logger',
28 silly publish   version: '1.1.2',
28 silly publish   description: 'A small logging utility created for Qwilr app -- https://qwilr.com',
28 silly publish   main: 'qwilr-logger.coffee',
28 silly publish   dependencies: { colors: '^1.0.3' },
28 silly publish   scripts: { test: 'echo "Error: no test specified" && exit 1' },
28 silly publish   repository:
28 silly publish    { type: 'git',
28 silly publish      url: 'https://github.com/dylan-baskind/qwilr-logger.git' },
28 silly publish   author: { name: 'Dylan Baskind' },
28 silly publish   license: 'ISC',
28 silly publish   bugs: { url: 'https://github.com/dylan-baskind/qwilr-logger/issues' },
28 silly publish   homepage: 'https://github.com/dylan-baskind/qwilr-logger',
28 silly publish   readme: 'qwilr-logger\n============\n\nQwilr Logger\n',
28 silly publish   readmeFilename: 'README.md',
28 silly publish   gitHead: '0657f54d6cc6119ee8d8245af2a8256b7df60124',
28 silly publish   _id: 'qwilr-logger@1.1.2',
28 silly publish   _shasum: '1d938dde4df9d66ed4753dade51ecec201f3b0aa',
28 silly publish   _from: '.' }
29 verbose request where is /qwilr-logger
30 verbose request registry https://registry.npmjs.org/
31 verbose request id a13da0c4c0541aec
32 verbose url raw /qwilr-logger
33 verbose url resolving [ 'https://registry.npmjs.org/', './qwilr-logger' ]
34 verbose url resolved https://registry.npmjs.org/qwilr-logger
35 verbose request where is https://registry.npmjs.org/qwilr-logger
36 info trying registry request attempt 1 at 17:08:57
37 http PUT https://registry.npmjs.org/qwilr-logger
38 http 403 https://registry.npmjs.org/qwilr-logger
39 verbose headers { date: 'Thu, 27 Nov 2014 06:08:57 GMT',
39 verbose headers   server: 'CouchDB/1.5.0 (Erlang OTP/R16B03)',
39 verbose headers   'content-type': 'application/json',
39 verbose headers   'cache-control': 'max-age=60',
39 verbose headers   'content-length': '2328',
39 verbose headers   'accept-ranges': 'bytes',
39 verbose headers   via: '1.1 varnish',
39 verbose headers   'x-served-by': 'cache-syd1620-SYD',
39 verbose headers   'x-cache': 'MISS',
39 verbose headers   'x-cache-hits': '0',
39 verbose headers   'x-timer': 'S1417068537.558560,VS0,VE192',
39 verbose headers   'keep-alive': 'timeout=10, max=50',
39 verbose headers   connection: 'Keep-Alive' }
40 error publish Failed PUT 403
41 error Error: forbidden cannot modify pre-existing version: 1.1.2
41 error old={"name":"qwilr-logger","version":"1.1.2","description":"A small logging utility created for Qwilr app -- https://qwilr.com","main":"qwilr-logger.coffee","dependencies":{"colors":"^1.0.3"},"scripts":{"test":"echo \"Error: no test specified\" && exit 1"},"repository":{"type":"git","url":"https://github.com/dylan-baskind/qwilr-logger.git"},"author":{"name":"Dylan Baskind"},"license":"ISC","bugs":{"url":"https://github.com/dylan-baskind/qwilr-logger/issues"},"homepage":"https://github.com/dylan-baskind/qwilr-logger","gitHead":"0657f54d6cc6119ee8d8245af2a8256b7df60124","_id":"qwilr-logger@1.1.2","_shasum":"1d938dde4df9d66ed4753dade51ecec201f3b0aa","_from":".","_npmVersion":"1.4.23","_npmUser":{"name":"dylan-baskind","email":"dylan@qwilr.com"},"maintainers":[{"name":"dylan-baskind","email":"dylan@qwilr.com"}],"dist":{"shasum":"1d938dde4df9d66ed4753dade51ecec201f3b0aa","tarball":"http://registry.npmjs.org/qwilr-logger/-/qwilr-logger-1.1.2.tgz"}}
41 error new={"name":"qwilr-logger","version":"1.1.2","description":"A small logging utility created for Qwilr app -- https://qwilr.com","main":"qwilr-logger.coffee","dependencies":{"colors":"^1.0.3"},"scripts":{"test":"echo \"Error: no test specified\" && exit 1"},"repository":{"type":"git","url":"https://github.com/dylan-baskind/qwilr-logger.git"},"author":{"name":"Dylan Baskind"},"license":"ISC","bugs":{"url":"https://github.com/dylan-baskind/qwilr-logger/issues"},"homepage":"https://github.com/dylan-baskind/qwilr-logger","readme":"qwilr-logger\u000a============\u000a\u000aQwilr Logger\u000a","readmeFilename":"README.md","gitHead":"0657f54d6cc6119ee8d8245af2a8256b7df60124","_id":"qwilr-logger@1.1.2","_shasum":"1d938dde4df9d66ed4753dade51ecec201f3b0aa","_from":".","_npmVersion":"1.4.23","_npmUser":{"name":"dylan-baskind","email":"dylan@qwilr.com"},"maintainers":[{"name":"dylan-baskind","email":"dylan@qwilr.com"}],"dist":{"shasum":"1d938dde4df9d66ed4753dade51ecec201f3b0aa","tarball":"http://registry.npmjs.org/qwilr-logger/-/qwilr-logger-1.1.2.tgz"}}: qwilr-logger
41 error     at RegClient.<anonymous> (/usr/local/lib/node_modules/npm/node_modules/npm-registry-client/lib/request.js:300:14)
41 error     at Request._callback (/usr/local/lib/node_modules/npm/node_modules/npm-registry-client/lib/request.js:238:65)
41 error     at Request.self.callback (/usr/local/lib/node_modules/npm/node_modules/request/request.js:123:22)
41 error     at Request.emit (events.js:98:17)
41 error     at Request.<anonymous> (/usr/local/lib/node_modules/npm/node_modules/request/request.js:893:14)
41 error     at Request.emit (events.js:117:20)
41 error     at IncomingMessage.<anonymous> (/usr/local/lib/node_modules/npm/node_modules/request/request.js:844:12)
41 error     at IncomingMessage.emit (events.js:117:20)
41 error     at _stream_readable.js:943:16
41 error     at process._tickCallback (node.js:419:13)
42 error If you need help, you may report this *entire* log,
42 error including the npm and node versions, at:
42 error     <http://github.com/npm/npm/issues>
43 error System Darwin 13.4.0
44 error command "/usr/local/bin/node" "/usr/local/bin/npm" "publish"
45 error cwd /Users/ThomasNorth/Documents/CODE/COMMON/QwilrLogger
46 error node -v v0.10.31
47 error npm -v 1.4.23
48 verbose exit [ 1, true ]
